\BOOKMARK [0][-]{chapter.1}{\376\377\000G\000l\000o\000s\000s\000a\000r\000i\000o\000\040\000d\000e\000i\000\040\000T\000e\000r\000m\000i\000n\000i}{}% 1
\BOOKMARK [-1][-]{part.1}{\376\377\000I\000\040\000M\000o\000d\000e\000l\000l\000o\000\040\000C\000o\000n\000c\000e\000t\000t\000u\000a\000l\000e}{}% 2
\BOOKMARK [0][-]{chapter.2}{\376\377\000A\000r\000e\000a\000\040\000G\000e\000n\000e\000r\000a\000l\000e}{part.1}% 3
\BOOKMARK [1][-]{section.2.1}{\376\377\000S\000t\000r\000u\000t\000t\000u\000r\000a\000\040\000d\000i\000\040\000u\000n\000\040\000E\000d\000i\000f\000i\000c\000i\000o}{chapter.2}% 4
\BOOKMARK [1][-]{section.2.2}{\376\377\000R\000i\000s\000c\000h\000i}{chapter.2}% 5
\BOOKMARK [0][-]{chapter.3}{\376\377\000A\000r\000e\000a\000\040\000C\000o\000s\000t\000r\000u\000z\000i\000o\000n\000e}{part.1}% 6
\BOOKMARK [1][-]{section.3.1}{\376\377\000M\000a\000t\000e\000r\000i\000a\000l\000i}{chapter.3}% 7
\BOOKMARK [1][-]{section.3.2}{\376\377\000S\000t\000a\000d\000i\000\040\000d\000i\000\040\000A\000v\000a\000n\000z\000a\000m\000e\000n\000t\000o\000\040\000e\000\040\000G\000e\000s\000t\000i\000o\000n\000e\000\040\000d\000e\000l\000\040\000P\000e\000r\000s\000o\000n\000a\000l\000e}{chapter.3}% 8
\BOOKMARK [0][-]{chapter.4}{\376\377\000A\000r\000e\000a\000\040\000M\000o\000n\000i\000t\000o\000r\000a\000g\000g\000i\000o}{part.1}% 9
\BOOKMARK [1][-]{section.4.1}{\376\377\000S\000e\000n\000s\000o\000r\000i\000s\000t\000i\000c\000a}{chapter.4}% 10
\BOOKMARK [1][-]{section.4.2}{\376\377\000M\000e\000m\000o\000r\000i\000z\000z\000a\000z\000i\000o\000n\000e\000\040\000d\000e\000i\000\040\000D\000a\000t\000i}{chapter.4}% 11
\BOOKMARK [0][-]{chapter.5}{\376\377\000A\000r\000e\000a\000\040\000A\000n\000a\000l\000i\000s\000i\000\040\000d\000e\000l\000\040\000R\000i\000s\000c\000h\000i\000o}{part.1}% 12
\BOOKMARK [-1][-]{part.2}{\376\377\000I\000I\000\040\000R\000i\000s\000t\000r\000u\000t\000t\000u\000r\000a\000z\000i\000o\000n\000e}{}% 13
\BOOKMARK [0][-]{chapter.6}{\376\377\000E\000l\000i\000m\000i\000n\000a\000z\000i\000o\000n\000e\000\040\000d\000e\000l\000l\000e\000\040\000G\000e\000n\000e\000r\000a\000l\000i\000z\000z\000a\000z\000i\000o\000n\000i}{part.2}% 14
\BOOKMARK [1][-]{section.6.1}{\376\377\000G\000e\000n\000e\000r\000a\000l\000i\000z\000z\000z\000i\000o\000n\000e\000\040\000d\000i\000\040\000V\000a\000n\000o}{chapter.6}% 15
\BOOKMARK [1][-]{section.6.2}{\376\377\000G\000e\000n\000e\000r\000a\000l\000i\000z\000z\000a\000z\000i\000o\000n\000e\000\040\000d\000i\000\040\000P\000u\000n\000t\000o\000\040\000D\000'\000A\000c\000c\000e\000s\000s\000o}{chapter.6}% 16
\BOOKMARK [1][-]{section.6.3}{\376\377\000G\000e\000n\000e\000r\000a\000l\000i\000z\000z\000a\000z\000i\000o\000n\000e\000\040\000d\000i\000\040\000M\000a\000t\000e\000r\000i\000a\000l\000e}{chapter.6}% 17
\BOOKMARK [1][-]{section.6.4}{\376\377\000G\000e\000n\000e\000r\000a\000l\000i\000z\000z\000a\000z\000i\000o\000n\000e\000\040\000d\000i\000\040\000R\000e\000g\000i\000s\000t\000r\000a\000z\000i\000o\000n\000e}{chapter.6}% 18
\BOOKMARK [0][-]{chapter.7}{\376\377\000E\000l\000i\000m\000i\000n\000a\000z\000i\000o\000n\000e\000\040\000d\000i\000\040\000a\000t\000t\000r\000i\000b\000u\000t\000i\000\040\000m\000u\000l\000t\000i\000v\000a\000l\000o\000r\000e}{part.2}% 19
\BOOKMARK [1][-]{section.7.1}{\376\377\000A\000t\000t\000r\000i\000b\000u\000t\000o\000\040\000m\000u\000l\000t\000i\000v\000a\000l\000o\000r\000e\000\040\000F\000u\000n\000z\000i\000o\000n\000e}{chapter.7}% 20
\BOOKMARK [-1][-]{part.3}{\376\377\000I\000I\000I\000\040\000A\000n\000a\000l\000i\000s\000i\000\040\000P\000r\000e\000s\000t\000a\000z\000i\000o\000n\000a\000l\000e}{}% 21
\BOOKMARK [0][-]{chapter.8}{\376\377\000T\000a\000v\000o\000l\000a\000\040\000d\000e\000i\000\040\000V\000o\000l\000u\000m\000i}{part.3}% 22
\BOOKMARK [0][-]{chapter.9}{\376\377\000O\000p\000e\000r\000a\000z\000i\000o\000n\000i\000\040\000s\000u\000i\000\040\000D\000a\000t\000i}{part.3}% 23
\BOOKMARK [1][-]{section.9.1}{\376\377\000O\000p\000e\000r\000a\000z\000i\000o\000n\000e\000\040\0001\000\040\000-\000\040\000t\000r\000o\000v\000a\000A\000l\000e\000r\000t}{chapter.9}% 24
\BOOKMARK [2][-]{subsection.9.1.1}{\376\377\000S\000e\000z\000i\000o\000n\000e\000\040\000d\000i\000\040\000D\000i\000a\000g\000r\000a\000m\000m\000a\000\040\000I\000n\000t\000e\000r\000e\000s\000s\000a\000t\000o}{section.9.1}% 25
\BOOKMARK [2][-]{subsection.9.1.2}{\376\377\000T\000a\000v\000o\000l\000a\000\040\000d\000e\000i\000\040\000V\000o\000l\000u\000m\000i\000\040\000I\000n\000t\000e\000r\000e\000s\000s\000a\000t\000i}{section.9.1}% 26
\BOOKMARK [2][-]{subsection.9.1.3}{\376\377\000T\000a\000v\000o\000l\000a\000\040\000d\000e\000g\000l\000i\000\040\000A\000c\000c\000e\000s\000s\000i}{section.9.1}% 27
\BOOKMARK [1][-]{section.9.2}{\376\377\000O\000p\000e\000r\000a\000z\000i\000o\000n\000e\000\040\0002\000\040\000-\000\040\000t\000o\000p\000o\000l\000o\000g\000i\000a\000E\000d\000i\000f\000i\000c\000i\000o}{chapter.9}% 28
\BOOKMARK [2][-]{subsection.9.2.1}{\376\377\000S\000e\000z\000i\000o\000n\000e\000\040\000d\000i\000\040\000D\000i\000a\000g\000r\000a\000m\000m\000a\000\040\000I\000n\000t\000e\000r\000e\000s\000s\000a\000t\000o}{section.9.2}% 29
\BOOKMARK [2][-]{subsection.9.2.2}{\376\377\000T\000a\000v\000o\000l\000a\000\040\000d\000e\000i\000\040\000V\000o\000l\000u\000m\000i\000\040\000I\000n\000t\000e\000r\000e\000s\000s\000a\000t\000i}{section.9.2}% 30
\BOOKMARK [2][-]{subsection.9.2.3}{\376\377\000T\000a\000v\000o\000l\000a\000\040\000d\000e\000g\000l\000i\000\040\000A\000c\000c\000e\000s\000s\000i}{section.9.2}% 31
\BOOKMARK [1][-]{section.9.3}{\376\377\000O\000p\000e\000r\000a\000z\000i\000o\000n\000e\000\040\0003\000\040\000-\000\040\000r\000i\000s\000c\000h\000i\000A\000n\000n\000u\000i}{chapter.9}% 32
\BOOKMARK [2][-]{subsection.9.3.1}{\376\377\000S\000e\000z\000i\000o\000n\000e\000\040\000d\000i\000\040\000D\000i\000a\000g\000r\000a\000m\000m\000a\000\040\000I\000n\000t\000e\000r\000e\000s\000s\000a\000t\000o}{section.9.3}% 33
\BOOKMARK [2][-]{subsection.9.3.2}{\376\377\000T\000a\000v\000o\000l\000a\000\040\000d\000e\000i\000\040\000V\000o\000l\000u\000m\000i\000\040\000I\000n\000t\000e\000r\000e\000s\000s\000a\000t\000i}{section.9.3}% 34
\BOOKMARK [2][-]{subsection.9.3.3}{\376\377\000T\000a\000v\000o\000l\000a\000\040\000d\000e\000g\000l\000i\000\040\000A\000c\000c\000e\000s\000s\000i}{section.9.3}% 35
\BOOKMARK [1][-]{section.9.4}{\376\377\000O\000p\000e\000r\000a\000z\000i\000o\000n\000e\000\040\0004\000\040\000-\000\040\000l\000e\000g\000g\000i\000B\000u\000s\000t\000a\000P\000a\000g\000a}{chapter.9}% 36
\BOOKMARK [2][-]{subsection.9.4.1}{\376\377\000S\000e\000z\000i\000o\000n\000e\000\040\000d\000i\000\040\000D\000i\000a\000g\000r\000a\000m\000m\000a\000\040\000I\000n\000t\000e\000r\000e\000s\000s\000a\000t\000o}{section.9.4}% 37
\BOOKMARK [2][-]{subsection.9.4.2}{\376\377\000T\000a\000v\000o\000l\000a\000\040\000d\000e\000i\000\040\000V\000o\000l\000u\000m\000i\000\040\000I\000n\000t\000e\000r\000e\000s\000s\000a\000t\000i}{section.9.4}% 38
\BOOKMARK [2][-]{subsection.9.4.3}{\376\377\000T\000a\000v\000o\000l\000a\000\040\000d\000e\000g\000l\000i\000\040\000A\000c\000c\000e\000s\000s\000i}{section.9.4}% 39
\BOOKMARK [2][-]{subsection.9.4.4}{\376\377\000V\000a\000l\000u\000t\000a\000z\000i\000o\000n\000e\000\040\000d\000e\000l\000l\000a\000\040\000R\000i\000d\000o\000n\000d\000a\000n\000z\000a\000\040\000B\000u\000s\000t\000a\000P\000a\000g\000a\000\040\000i\000n\000\040\000O\000p\000e\000r\000a\000i\000o}{section.9.4}% 40
\BOOKMARK [1][-]{section.9.5}{\376\377\000O\000p\000e\000r\000a\000z\000i\000o\000n\000e\000\040\0005\000\040\000-\000\040\000c\000o\000s\000t\000o\000M\000a\000t\000e\000r\000i\000a\000l\000i\000S\000t\000a\000d\000i\000o}{chapter.9}% 41
\BOOKMARK [2][-]{subsection.9.5.1}{\376\377\000S\000e\000z\000i\000o\000n\000e\000\040\000d\000i\000\040\000D\000i\000a\000g\000r\000a\000m\000m\000a\000\040\000I\000n\000t\000e\000r\000e\000s\000s\000a\000t\000o}{section.9.5}% 42
\BOOKMARK [2][-]{subsection.9.5.2}{\376\377\000T\000a\000v\000o\000l\000a\000\040\000d\000e\000i\000\040\000V\000o\000l\000u\000m\000i\000\040\000I\000n\000t\000e\000r\000e\000s\000s\000a\000t\000i}{section.9.5}% 43
\BOOKMARK [2][-]{subsection.9.5.3}{\376\377\000T\000a\000v\000o\000l\000a\000\040\000d\000e\000g\000l\000i\000\040\000A\000c\000c\000e\000s\000s\000i}{section.9.5}% 44
\BOOKMARK [2][-]{subsection.9.5.4}{\376\377\000V\000a\000l\000u\000t\000a\000z\000i\000o\000n\000e\000\040\000d\000e\000l\000l\000a\000\040\000R\000i\000d\000o\000n\000d\000a\000n\000z\000a\000\040\000C\000o\000s\000t\000o\000\040\000i\000n\000\040\000S\000t\000a\000d\000i\000o}{section.9.5}% 45
\BOOKMARK [1][-]{section.9.6}{\376\377\000O\000p\000e\000r\000a\000z\000i\000o\000n\000e\000\040\0006\000\040\000-\000\040\000n\000u\000o\000v\000o\000O\000p\000e\000r\000a\000i\000o}{chapter.9}% 46
\BOOKMARK [2][-]{subsection.9.6.1}{\376\377\000S\000e\000z\000i\000o\000n\000e\000\040\000d\000i\000\040\000D\000i\000a\000g\000r\000a\000m\000m\000a\000\040\000I\000n\000t\000e\000r\000e\000s\000s\000a\000t\000o}{section.9.6}% 47
\BOOKMARK [2][-]{subsection.9.6.2}{\376\377\000T\000a\000v\000o\000l\000a\000\040\000d\000e\000i\000\040\000V\000o\000l\000u\000m\000i\000\040\000I\000n\000t\000e\000r\000e\000s\000s\000a\000t\000i}{section.9.6}% 48
\BOOKMARK [2][-]{subsection.9.6.3}{\376\377\000T\000a\000v\000o\000l\000a\000\040\000d\000e\000g\000l\000i\000\040\000A\000c\000c\000e\000s\000s\000i}{section.9.6}% 49
\BOOKMARK [1][-]{section.9.7}{\376\377\000O\000p\000e\000r\000a\000z\000i\000o\000n\000e\000\040\0007\000\040\000-\000\040\000v\000a\000l\000u\000t\000a\000A\000l\000e\000r\000t}{chapter.9}% 50
\BOOKMARK [2][-]{subsection.9.7.1}{\376\377\000S\000e\000z\000i\000o\000n\000e\000\040\000d\000i\000\040\000D\000i\000a\000g\000r\000a\000m\000m\000a\000\040\000I\000n\000t\000e\000r\000e\000s\000s\000a\000t\000o}{section.9.7}% 51
\BOOKMARK [2][-]{subsection.9.7.2}{\376\377\000T\000a\000v\000o\000l\000a\000\040\000d\000e\000i\000\040\000V\000o\000l\000u\000m\000i\000\040\000I\000n\000t\000e\000r\000e\000s\000s\000a\000t\000i}{section.9.7}% 52
\BOOKMARK [2][-]{subsection.9.7.3}{\376\377\000T\000a\000v\000o\000l\000a\000\040\000d\000e\000g\000l\000i\000\040\000A\000c\000c\000e\000s\000s\000i}{section.9.7}% 53
\BOOKMARK [1][-]{section.9.8}{\376\377\000O\000p\000e\000r\000a\000z\000i\000o\000n\000e\000\040\0008\000\040\000-\000\040\000m\000a\000t\000e\000r\000i\000a\000l\000i\000L\000a\000v\000o\000r\000o}{chapter.9}% 54
\BOOKMARK [2][-]{subsection.9.8.1}{\376\377\000S\000e\000z\000i\000o\000n\000e\000\040\000d\000i\000\040\000D\000i\000a\000g\000r\000a\000m\000m\000a\000\040\000I\000n\000t\000e\000r\000e\000s\000s\000a\000t\000o}{section.9.8}% 55
\BOOKMARK [2][-]{subsection.9.8.2}{\376\377\000T\000a\000v\000o\000l\000a\000\040\000d\000e\000i\000\040\000V\000o\000l\000u\000m\000i\000\040\000I\000n\000t\000e\000r\000e\000s\000s\000a\000t\000i}{section.9.8}% 56
\BOOKMARK [2][-]{subsection.9.8.3}{\376\377\000T\000a\000v\000o\000l\000a\000\040\000d\000e\000g\000l\000i\000\040\000A\000c\000c\000e\000s\000s\000i}{section.9.8}% 57
\BOOKMARK [-1][-]{part.4}{\376\377\000I\000V\000\040\000M\000o\000d\000e\000l\000l\000o\000\040\000L\000o\000g\000i\000c\000o}{}% 58
\BOOKMARK [0][-]{chapter.10}{\376\377\000D\000e\000s\000c\000r\000i\000z\000i\000o\000n\000e\000\040\000S\000c\000h\000e\000m\000a\000\040\000L\000o\000g\000i\000c\000o}{part.4}% 59
\BOOKMARK [0][-]{chapter.11}{\376\377\000A\000n\000a\000l\000i\000s\000i\000\040\000d\000e\000l\000l\000e\000\040\000D\000i\000p\000e\000n\000d\000e\000n\000z\000e\000\040\000F\000u\000n\000z\000i\000o\000n\000a\000l\000i\000\040\000e\000\040\000N\000o\000r\000m\000a\000l\000i\000z\000z\000a\000z\000i\000o\000n\000e}{part.4}% 60
\BOOKMARK [1][-]{section.11.1}{\376\377\000T\000a\000b\000e\000l\000l\000a\000\040\000E\000d\000i\000f\000i\000c\000i\000o}{chapter.11}% 61
\BOOKMARK [1][-]{section.11.2}{\376\377\000T\000a\000b\000e\000l\000l\000a\000\040\000S\000e\000n\000s\000o\000r\000e}{chapter.11}% 62
\BOOKMARK [1][-]{section.11.3}{\376\377\000T\000a\000b\000e\000l\000l\000a\000\040\000S\000t\000a\000d\000i\000o}{chapter.11}% 63
\BOOKMARK [0][-]{chapter.12}{\376\377\000V\000i\000n\000c\000o\000l\000i\000\040\000d\000i\000\040\000I\000n\000t\000e\000g\000r\000i\000t\000\340}{part.4}% 64
\BOOKMARK [1][-]{section.12.1}{\376\377\000V\000i\000n\000c\000o\000l\000i\000\040\000d\000i\000\040\000I\000n\000t\000e\000g\000r\000i\000t\000\340\000\040\000R\000e\000f\000e\000r\000e\000n\000z\000i\000a\000l\000e}{chapter.12}% 65
\BOOKMARK [1][-]{section.12.2}{\376\377\000V\000i\000n\000c\000o\000l\000i\000\040\000d\000i\000\040\000I\000n\000t\000e\000g\000r\000i\000t\000\340\000\040\000G\000e\000n\000e\000r\000i\000c\000i}{chapter.12}% 66
\BOOKMARK [1][-]{section.12.3}{\376\377\000V\000i\000n\000c\000o\000l\000i\000\040\000d\000i\000\040\000T\000u\000p\000l\000a}{chapter.12}% 67
\BOOKMARK [0][-]{chapter.13}{\376\377\000I\000m\000p\000l\000e\000m\000e\000n\000t\000a\000z\000i\000o\000n\000e\000\040\000f\000u\000n\000z\000i\000o\000n\000i\000\040\000A\000n\000a\000l\000y\000t\000i\000c\000s}{part.4}% 68
\BOOKMARK [1][-]{section.13.1}{\376\377\000c\000o\000n\000s\000i\000g\000l\000i\000I\000n\000t\000e\000r\000v\000e\000n\000t\000o}{chapter.13}% 69
\BOOKMARK [1][-]{section.13.2}{\376\377\000s\000t\000i\000m\000a\000D\000a\000n\000n\000i}{chapter.13}% 70
